<?xml version="1.0" encoding="UTF-8"?>
<!-- Generated by org.testng.reporters.JUnitXMLReporter -->
<testsuite ignored="0" hostname="IN3083072W1" failures="1" tests="5" name="day2testcases" time="0.067" errors="0" timestamp="2023-07-13T15:42:00 IST">
  <testcase classname="testng.Day1" name="test11" time="0.009">
    <failure type="java.lang.AssertionError" message="expected [true] but found [false]">
      <![CDATA[java.lang.AssertionError: expected [true] but found [false]
at testng.Day1.test11(Day1.java:17)
at java.base/java.util.ArrayList.forEach(ArrayList.java:1511)
... Removed 31 stack frames]]>
    </failure>
  </testcase> <!-- test11 -->
  <testcase classname="testng.Day1" name="test12" time="0.001"/>
  <testcase classname="testng.Day1" name="test13" time="0.001"/>
  <testcase classname="testng.Day1" name="test13" time="0.001"/>
  <testcase classname="testng.Day1" name="test13" time="0.001"/>
</testsuite> <!-- day2testcases -->
