<?xml version="1.0" encoding="UTF-8"?>
<!-- Generated by org.testng.reporters.JUnitXMLReporter -->
<testsuite ignored="1" hostname="IN3083072W1" failures="1" tests="3" name="Test" time="0.046" errors="0" timestamp="2023-07-04T12:39:08 IST">
  <testcase classname="testng.Test2" name="Firstclass" time="0.005"/>
  <testcase classname="testng.Test3" name="Action" time="0.0">
    <failure type="org.testng.TestNGException" message="
Parameter &amp;apos;URL&amp;apos; is required by @Test on method Action but has not been marked @Optional or defined
in C:\Users\QL326NG\eclipse-workspace\Introduction\testng.xml">
      <![CDATA[org.testng.TestNGException: 
Parameter 'URL' is required by @Test on method Action but has not been marked @Optional or defined
in C:\Users\QL326NG\eclipse-workspace\Introduction\testng.xml
at java.base/java.util.ArrayList.forEach(ArrayList.java:1511)
... Removed 26 stack frames]]>
    </failure>
  </testcase> <!-- Action -->
  <testcase classname="testng.Test3" name="Secondclass" time="0.0"/>
  <testcase classname="testng.Tata1" name="Demo" time="0.0">
    <ignored/>
  </testcase> <!-- Demo -->
</testsuite> <!-- Test -->
