<?xml version="1.0" encoding="UTF-8"?>
<testng-results ignored="0" total="1" passed="1" failed="0" skipped="0">
  <reporter-output>
  </reporter-output>
  <suite started-at="2023-07-13T16:50:33 IST" name="Default suite" finished-at="2023-07-13T16:50:33 IST" duration-ms="39">
    <groups>
    </groups>
    <test started-at="2023-07-13T16:50:33 IST" name="Default test" finished-at="2023-07-13T16:50:33 IST" duration-ms="39">
      <class name="oopwithtestng.P2">
        <test-method signature="testRun()[pri:0, instance:oopwithtestng.P2@429bffaa]" started-at="2023-07-13T16:50:33 IST" name="testRun" finished-at="2023-07-13T16:50:33 IST" duration-ms="8" status="PASS">
          <reporter-output>
          </reporter-output>
        </test-method> <!-- testRun -->
      </class> <!-- oopwithtestng.P2 -->
    </test> <!-- Default test -->
  </suite> <!-- Default suite -->
</testng-results>
